2020-03-11 09:53:48,600 [6] INFO  blog.Controllers.UserController [(null)] - username=Cookie,password=123456
2020-03-11 09:53:49,461 [9] INFO  blog.Controllers.UserController [(null)] - username=Cookie,password=123456
2020-03-11 09:53:52,708 [9] INFO  blog.Controllers.UserController [(null)] - username=Cookie,password=123456
2020-03-11 09:53:55,103 [7] INFO  blog.Controllers.UserController [(null)] - username=Cookie,password=123456
2020-03-11 09:53:55,112 [7] INFO  blog.Services.Impl.UserServiceImpl [(null)] - 用户 Cookie 密码验证正确
2020-03-11 09:54:21,563 [6] INFO  blog.Controllers.ManagementController [(null)] - 添加的分类为生活
2020-03-11 09:54:47,419 [6] INFO  blog.Controllers.ManagementController [(null)] - 添加的文章名为:文化大革命,添加的用户是:Cookie,添加的分类Id为:1
2020-03-11 09:55:33,232 [17] INFO  blog.Controllers.UserController [(null)] - username=1,password=1
2020-03-11 09:55:38,322 [13] INFO  blog.Controllers.UserController [(null)] - username=1,password=1
2020-03-11 09:55:38,327 [13] INFO  blog.Services.Impl.UserServiceImpl [(null)] - 用户 1 密码验证正确
2020-03-11 09:59:41,133 [36] INFO  blog.Controllers.UserController [(null)] - username=1,password=1
2020-03-11 09:59:41,141 [36] INFO  blog.Services.Impl.UserServiceImpl [(null)] - 用户 1 密码验证正确
2020-03-11 10:04:42,588 [43] INFO  blog.Controllers.UserController [(null)] - username=1,password=1
2020-03-11 10:04:42,594 [43] INFO  blog.Services.Impl.UserServiceImpl [(null)] - 用户 1 密码验证正确
2020-03-11 10:05:34,954 [35] INFO  blog.Controllers.UserController [(null)] - username=1,password=1
2020-03-11 10:05:34,961 [35] INFO  blog.Services.Impl.UserServiceImpl [(null)] - 用户 1 密码验证正确
2020-03-11 15:50:27,032 [10] INFO  blog.Controllers.UserController [(null)] - username=1,password=1
2020-03-11 15:50:27,178 [10] INFO  blog.Services.Impl.UserServiceImpl [(null)] - 用户 1 密码验证正确
2020-03-11 15:50:39,902 [18] INFO  blog.Controllers.UserController [(null)] - username=Cookie,password=1
2020-03-11 15:50:45,879 [15] INFO  blog.Controllers.UserController [(null)] - username=Cookie,password=123456
2020-03-11 15:50:45,887 [15] INFO  blog.Services.Impl.UserServiceImpl [(null)] - 用户 Cookie 密码验证正确
2020-03-11 16:03:03,071 [66] INFO  blog.Controllers.UserController [(null)] - username=Cookie,password=123456
2020-03-11 16:03:03,087 [66] INFO  blog.Services.Impl.UserServiceImpl [(null)] - 用户 Cookie 密码验证正确
2020-03-11 16:03:06,930 [66] INFO  blog.Controllers.UserController [(null)] - username=1,password=1
2020-03-11 16:03:06,935 [66] INFO  blog.Services.Impl.UserServiceImpl [(null)] - 用户 1 密码验证正确
2020-03-11 16:04:40,773 [50] INFO  blog.Controllers.UserController [(null)] - username=1,password=1
2020-03-11 16:04:40,782 [50] INFO  blog.Services.Impl.UserServiceImpl [(null)] - 用户 1 密码验证正确
2020-03-11 16:04:54,371 [50] INFO  blog.Controllers.UserController [(null)] - username=1,password=1
2020-03-11 16:04:54,380 [50] INFO  blog.Services.Impl.UserServiceImpl [(null)] - 用户 1 密码验证正确
2020-03-11 16:06:25,305 [83] INFO  blog.Controllers.UserController [(null)] - username=Cookie,password=123456
2020-03-11 16:06:25,311 [83] INFO  blog.Services.Impl.UserServiceImpl [(null)] - 用户 Cookie 密码验证正确
2020-03-11 16:08:22,784 [116] INFO  blog.Controllers.UserController [(null)] - username=Cookie,password=123456
2020-03-11 16:08:22,790 [116] INFO  blog.Services.Impl.UserServiceImpl [(null)] - 用户 Cookie 密码验证正确
2020-03-11 16:11:03,324 [143] INFO  blog.Controllers.UserController [(null)] - username=Cookie,password=123456
2020-03-11 16:11:03,331 [143] INFO  blog.Services.Impl.UserServiceImpl [(null)] - 用户 Cookie 密码验证正确
2020-03-11 16:12:35,482 [137] INFO  blog.Controllers.UserController [(null)] - username=Cookie,password=123456
2020-03-11 16:12:35,492 [137] INFO  blog.Services.Impl.UserServiceImpl [(null)] - 用户 Cookie 密码验证正确
2020-03-11 16:14:48,957 [140] INFO  blog.Controllers.UserController [(null)] - username=Cookie,password=123456
2020-03-11 16:14:48,963 [140] INFO  blog.Services.Impl.UserServiceImpl [(null)] - 用户 Cookie 密码验证正确
2020-03-11 16:16:04,865 [127] INFO  blog.Controllers.UserController [(null)] - username=Cookie,password=123456
2020-03-11 16:16:04,872 [127] INFO  blog.Services.Impl.UserServiceImpl [(null)] - 用户 Cookie 密码验证正确
2020-03-11 16:20:12,370 [107] INFO  blog.Controllers.UserController [(null)] - username=Cookie,password=123456
2020-03-11 16:20:12,376 [107] INFO  blog.Services.Impl.UserServiceImpl [(null)] - 用户 Cookie 密码验证正确
2020-03-11 16:21:24,421 [101] INFO  blog.Controllers.UserController [(null)] - username=Cookie,password=123456
2020-03-11 16:21:24,429 [101] INFO  blog.Services.Impl.UserServiceImpl [(null)] - 用户 Cookie 密码验证正确
2020-03-11 16:24:34,100 [129] INFO  blog.Controllers.UserController [(null)] - username=Cookie,password=123456
2020-03-11 16:24:34,108 [129] INFO  blog.Services.Impl.UserServiceImpl [(null)] - 用户 Cookie 密码验证正确
2020-03-11 16:24:59,866 [144] INFO  blog.Controllers.UserController [(null)] - username=Cookie,password=123456
2020-03-11 16:24:59,872 [144] INFO  blog.Services.Impl.UserServiceImpl [(null)] - 用户 Cookie 密码验证正确
2020-03-11 16:35:28,607 [67] INFO  blog.Controllers.UserController [(null)] - username=Cookie,password=123456
2020-03-11 16:35:28,615 [67] INFO  blog.Services.Impl.UserServiceImpl [(null)] - 用户 Cookie 密码验证正确
2020-03-11 16:39:03,381 [7] INFO  blog.Controllers.UserController [(null)] - username=Cookie,password=123456
2020-03-11 16:39:03,467 [7] INFO  blog.Services.Impl.UserServiceImpl [(null)] - 用户 Cookie 密码验证正确
2020-03-11 16:39:53,668 [7] INFO  blog.Controllers.UserController [(null)] - username=Cookie,password=123456
2020-03-11 16:39:53,735 [7] INFO  blog.Services.Impl.UserServiceImpl [(null)] - 用户 Cookie 密码验证正确
2020-03-11 16:52:14,618 [32] INFO  blog.Controllers.UserController [(null)] - username=Cookie,password=123456
2020-03-11 16:52:14,624 [32] INFO  blog.Services.Impl.UserServiceImpl [(null)] - 用户 Cookie 密码验证正确
2020-03-11 16:53:06,379 [42] INFO  blog.Controllers.UserController [(null)] - username=Cookie,password=123456
2020-03-11 16:53:06,387 [42] INFO  blog.Services.Impl.UserServiceImpl [(null)] - 用户 Cookie 密码验证正确
2020-03-11 16:55:33,444 [62] INFO  blog.Controllers.UserController [(null)] - username=Cookie,password=123456
2020-03-11 16:55:33,451 [62] INFO  blog.Services.Impl.UserServiceImpl [(null)] - 用户 Cookie 密码验证正确
2020-03-11 16:56:25,158 [75] INFO  blog.Controllers.UserController [(null)] - username=Cookie,password=123456
2020-03-11 16:56:25,169 [75] INFO  blog.Services.Impl.UserServiceImpl [(null)] - 用户 Cookie 密码验证正确
2020-03-11 16:58:07,628 [75] INFO  blog.Controllers.UserController [(null)] - username=Cookie,password=123456
2020-03-11 16:58:07,634 [75] INFO  blog.Services.Impl.UserServiceImpl [(null)] - 用户 Cookie 密码验证正确
2020-03-11 17:00:48,259 [101] INFO  blog.Controllers.UserController [(null)] - username=Cookie,password=123456
2020-03-11 17:00:48,265 [101] INFO  blog.Services.Impl.UserServiceImpl [(null)] - 用户 Cookie 密码验证正确
2020-03-11 17:03:08,620 [102] INFO  blog.Controllers.UserController [(null)] - username=Cookie,password=123456
2020-03-11 17:03:08,627 [102] INFO  blog.Services.Impl.UserServiceImpl [(null)] - 用户 Cookie 密码验证正确
2020-03-11 17:08:46,731 [31] INFO  blog.Controllers.UserController [(null)] - username=Cookie,password=123456
2020-03-11 17:08:46,738 [31] INFO  blog.Services.Impl.UserServiceImpl [(null)] - 用户 Cookie 密码验证正确
2020-03-11 17:09:19,139 [14] INFO  blog.Controllers.UserController [(null)] - username=Cookie,password=123456
2020-03-11 17:09:19,145 [14] INFO  blog.Services.Impl.UserServiceImpl [(null)] - 用户 Cookie 密码验证正确
2020-03-11 17:12:50,662 [114] INFO  blog.Controllers.UserController [(null)] - username=Cookie,password=123456
2020-03-11 17:12:50,669 [114] INFO  blog.Services.Impl.UserServiceImpl [(null)] - 用户 Cookie 密码验证正确
2020-03-11 17:13:42,413 [111] INFO  blog.Controllers.UserController [(null)] - username=Cookie,password=123456
2020-03-11 17:13:42,423 [111] INFO  blog.Services.Impl.UserServiceImpl [(null)] - 用户 Cookie 密码验证正确
2020-03-11 17:14:09,821 [98] INFO  blog.Controllers.UserController [(null)] - username=Cookie,password=123456
2020-03-11 17:14:09,827 [98] INFO  blog.Services.Impl.UserServiceImpl [(null)] - 用户 Cookie 密码验证正确
