2020-03-09 12:59:40,327 [18] INFO  blog.Controllers.UserController [(null)] - username=Cookie,password=123
2020-03-09 12:59:40,400 [18] INFO  blog.Services.Impl.UserServiceImpl [(null)] - 用户 Cookie 密码验证正确
2020-03-09 13:04:22,001 [47] INFO  blog.Controllers.UserController [(null)] - username=Cookie,password=123
2020-03-09 13:04:22,010 [47] INFO  blog.Services.Impl.UserServiceImpl [(null)] - 用户 Cookie 密码验证正确
2020-03-09 13:06:45,825 [72] INFO  blog.Controllers.UserController [(null)] - username=Cookie,password=123
2020-03-09 13:06:45,834 [72] INFO  blog.Services.Impl.UserServiceImpl [(null)] - 用户 Cookie 密码验证正确
2020-03-09 13:08:36,225 [91] INFO  blog.Controllers.UserController [(null)] - username=Cookie,password=123
2020-03-09 13:08:36,234 [91] INFO  blog.Services.Impl.UserServiceImpl [(null)] - 用户 Cookie 密码验证正确
2020-03-09 13:08:56,559 [76] INFO  blog.Controllers.UserController [(null)] - username=Cookie,password=123
2020-03-09 13:08:56,566 [76] INFO  blog.Services.Impl.UserServiceImpl [(null)] - 用户 Cookie 密码验证正确
2020-03-09 13:11:31,278 [99] INFO  blog.Controllers.UserController [(null)] - username=Cookie,password=123
2020-03-09 13:11:31,286 [99] INFO  blog.Services.Impl.UserServiceImpl [(null)] - 用户 Cookie 密码验证正确
2020-03-09 13:13:17,300 [99] INFO  blog.Controllers.UserController [(null)] - username=Cookie,password=123
2020-03-09 13:13:17,308 [99] INFO  blog.Services.Impl.UserServiceImpl [(null)] - 用户 Cookie 密码验证正确
2020-03-09 13:13:49,129 [99] INFO  blog.Controllers.UserController [(null)] - username=Cookie,password=123
2020-03-09 13:13:49,137 [99] INFO  blog.Services.Impl.UserServiceImpl [(null)] - 用户 Cookie 密码验证正确
2020-03-09 13:14:13,628 [165] INFO  blog.Controllers.UserController [(null)] - username=Cookie,password=123
2020-03-09 13:14:13,635 [165] INFO  blog.Services.Impl.UserServiceImpl [(null)] - 用户 Cookie 密码验证正确
2020-03-09 13:14:21,870 [99] INFO  blog.Controllers.UserController [(null)] - username=Cookie,password=123
2020-03-09 13:14:21,878 [99] INFO  blog.Services.Impl.UserServiceImpl [(null)] - 用户 Cookie 密码验证正确
2020-03-09 13:14:35,503 [99] INFO  blog.Controllers.ManagementController [(null)] - 添加的分类为1
2020-03-09 13:14:39,311 [154] INFO  blog.Controllers.ManagementController [(null)] - 删除的分类Id是:2
2020-03-09 13:15:19,460 [99] INFO  blog.Controllers.ManagementController [(null)] - 删除的分类Id是:3
2020-03-09 13:15:24,426 [143] INFO  blog.Controllers.ManagementController [(null)] - 添加的分类为1112
2020-03-09 13:15:26,836 [99] INFO  blog.Controllers.ManagementController [(null)] - 添加的分类为13123123213
2020-03-09 13:15:29,044 [99] INFO  blog.Controllers.ManagementController [(null)] - 添加的分类为213123123
2020-03-09 13:15:31,196 [162] INFO  blog.Controllers.ManagementController [(null)] - 添加的分类为13123123
2020-03-09 13:15:33,753 [153] INFO  blog.Controllers.ManagementController [(null)] - 添加的分类为12312312
2020-03-09 13:29:03,954 [11] INFO  blog.Controllers.UserController [(null)] - username=Cookie,password=123
2020-03-09 13:29:04,024 [11] INFO  blog.Services.Impl.UserServiceImpl [(null)] - 用户 Cookie 密码验证正确
2020-03-09 13:29:18,121 [11] INFO  blog.Controllers.ManagementController [(null)] - 添加的文章名为:123,添加的用户是:,添加的分类Id为:5
2020-03-09 13:33:58,244 [46] INFO  blog.Controllers.UserController [(null)] - username=Cookie,password=123
2020-03-09 13:33:58,252 [46] INFO  blog.Services.Impl.UserServiceImpl [(null)] - 用户 Cookie 密码验证正确
2020-03-09 13:34:16,461 [53] INFO  blog.Controllers.UserController [(null)] - username=Cookie,password=123
2020-03-09 13:34:16,468 [53] INFO  blog.Services.Impl.UserServiceImpl [(null)] - 用户 Cookie 密码验证正确
2020-03-09 13:34:24,848 [46] INFO  blog.Controllers.ManagementController [(null)] - 添加的文章名为:23423,添加的用户是:,添加的分类Id为:5
2020-03-09 13:34:36,562 [45] INFO  blog.Controllers.ManagementController [(null)] - 添加的文章名为:1,添加的用户是:,添加的分类Id为:5
2020-03-09 13:44:51,959 [40] INFO  blog.Controllers.ManagementController [(null)] - 添加的文章名为:s ,添加的用户是:,添加的分类Id为:4
2020-03-09 13:50:13,236 [7] INFO  blog.Controllers.UserController [(null)] - username=Cookie,password=123
2020-03-09 13:50:13,289 [7] INFO  blog.Services.Impl.UserServiceImpl [(null)] - 用户 Cookie 密码验证正确
2020-03-09 13:51:58,601 [28] INFO  blog.Controllers.UserController [(null)] - username=Cookie,password=123
2020-03-09 13:51:58,610 [28] INFO  blog.Services.Impl.UserServiceImpl [(null)] - 用户 Cookie 密码验证正确
2020-03-09 13:57:14,908 [35] INFO  blog.Controllers.UserController [(null)] - username=Cookie,password=123
2020-03-09 13:57:14,915 [35] INFO  blog.Services.Impl.UserServiceImpl [(null)] - 用户 Cookie 密码验证正确
2020-03-09 14:00:55,799 [41] INFO  blog.Controllers.UserController [(null)] - username=Cookie,password=123
2020-03-09 14:00:55,808 [41] INFO  blog.Services.Impl.UserServiceImpl [(null)] - 用户 Cookie 密码验证正确
2020-03-09 14:02:54,651 [80] INFO  blog.Controllers.UserController [(null)] - username=Cookie,password=123
2020-03-09 14:02:54,659 [80] INFO  blog.Services.Impl.UserServiceImpl [(null)] - 用户 Cookie 密码验证正确
2020-03-09 14:20:51,211 [92] INFO  blog.Controllers.UserController [(null)] - username=Cookie,password=123
2020-03-09 14:20:51,220 [92] INFO  blog.Services.Impl.UserServiceImpl [(null)] - 用户 Cookie 密码验证正确
2020-03-09 14:23:41,271 [86] INFO  blog.Controllers.ManagementController [(null)] - 添加的文章名为:1,添加的用户是:,添加的分类Id为:5
2020-03-09 14:24:33,133 [78] INFO  blog.Controllers.ManagementController [(null)] - 添加的文章名为:1,添加的用户是:,添加的分类Id为:5
2020-03-09 14:26:10,736 [71] INFO  blog.Controllers.ManagementController [(null)] - 添加的文章名为:1,添加的用户是:,添加的分类Id为:5
2020-03-09 14:26:15,039 [68] INFO  blog.Controllers.UserController [(null)] - username=Cookie,password=123
2020-03-09 14:26:15,049 [68] INFO  blog.Services.Impl.UserServiceImpl [(null)] - 用户 Cookie 密码验证正确
2020-03-09 14:26:25,533 [71] INFO  blog.Controllers.ManagementController [(null)] - 添加的文章名为:23423,添加的用户是:11,添加的分类Id为:5
2020-03-09 14:26:39,852 [67] INFO  blog.Controllers.ManagementController [(null)] - 添加的文章名为:T-SQL学习,添加的用户是:d,添加的分类Id为:5
2020-03-09 14:28:29,574 [65] INFO  blog.Controllers.ManagementController [(null)] - 获取的文章Id是:1
2020-03-09 14:28:29,656 [71] INFO  blog.Controllers.ManagementController [(null)] - 获取分类的Id是:5
2020-03-09 14:28:53,273 [56] INFO  blog.Controllers.ManagementController [(null)] - 23423151
2020-03-09 14:28:55,294 [59] INFO  blog.Controllers.ManagementController [(null)] - 23423151
2020-03-09 14:28:55,525 [74] INFO  blog.Controllers.ManagementController [(null)] - 23423151
2020-03-09 14:28:55,741 [62] INFO  blog.Controllers.ManagementController [(null)] - 23423151
2020-03-09 14:28:55,967 [74] INFO  blog.Controllers.ManagementController [(null)] - 23423151
2020-03-09 14:28:56,181 [59] INFO  blog.Controllers.ManagementController [(null)] - 23423151
2020-03-09 14:28:56,393 [62] INFO  blog.Controllers.ManagementController [(null)] - 23423151
2020-03-09 14:28:56,601 [59] INFO  blog.Controllers.ManagementController [(null)] - 23423151
2020-03-09 14:28:56,828 [56] INFO  blog.Controllers.ManagementController [(null)] - 23423151
2020-03-09 14:28:57,086 [74] INFO  blog.Controllers.ManagementController [(null)] - 23423151
2020-03-09 14:28:57,834 [59] INFO  blog.Controllers.ManagementController [(null)] - 23423151
2020-03-09 14:28:58,054 [59] INFO  blog.Controllers.ManagementController [(null)] - 23423151
2020-03-09 14:28:58,261 [59] INFO  blog.Controllers.ManagementController [(null)] - 23423151
2020-03-09 14:28:58,465 [74] INFO  blog.Controllers.ManagementController [(null)] - 23423151
2020-03-09 14:28:58,657 [55] INFO  blog.Controllers.ManagementController [(null)] - 23423151
2020-03-09 14:28:58,913 [55] INFO  blog.Controllers.ManagementController [(null)] - 23423151
2020-03-09 14:28:59,141 [50] INFO  blog.Controllers.ManagementController [(null)] - 23423151
2020-03-09 14:28:59,365 [62] INFO  blog.Controllers.ManagementController [(null)] - 23423151
2020-03-09 14:28:59,596 [74] INFO  blog.Controllers.ManagementController [(null)] - 23423151
2020-03-09 14:28:59,820 [56] INFO  blog.Controllers.ManagementController [(null)] - 23423151
2020-03-09 14:29:00,052 [50] INFO  blog.Controllers.ManagementController [(null)] - 23423151
2020-03-09 14:29:00,316 [74] INFO  blog.Controllers.ManagementController [(null)] - 23423151
2020-03-09 14:29:00,542 [74] INFO  blog.Controllers.ManagementController [(null)] - 23423151
2020-03-09 14:29:00,804 [62] INFO  blog.Controllers.ManagementController [(null)] - 23423151
2020-03-09 14:29:01,029 [50] INFO  blog.Controllers.ManagementController [(null)] - 23423151
2020-03-09 14:29:02,252 [74] INFO  blog.Controllers.ManagementController [(null)] - 23423151
2020-03-09 14:29:02,483 [59] INFO  blog.Controllers.ManagementController [(null)] - 23423151
2020-03-09 14:29:02,711 [62] INFO  blog.Controllers.ManagementController [(null)] - 23423151
2020-03-09 14:29:02,919 [62] INFO  blog.Controllers.ManagementController [(null)] - 23423151
2020-03-09 14:29:03,126 [74] INFO  blog.Controllers.ManagementController [(null)] - 23423151
2020-03-09 14:29:03,328 [74] INFO  blog.Controllers.ManagementController [(null)] - 23423151
2020-03-09 14:29:03,569 [74] INFO  blog.Controllers.ManagementController [(null)] - 23423151
2020-03-09 14:29:03,791 [74] INFO  blog.Controllers.ManagementController [(null)] - 23423151
2020-03-09 14:29:04,003 [74] INFO  blog.Controllers.ManagementController [(null)] - 23423151
2020-03-09 14:29:04,215 [62] INFO  blog.Controllers.ManagementController [(null)] - 23423151
2020-03-09 14:29:04,424 [62] INFO  blog.Controllers.ManagementController [(null)] - 23423151
2020-03-09 14:29:04,631 [62] INFO  blog.Controllers.ManagementController [(null)] - 23423151
2020-03-09 14:29:04,822 [59] INFO  blog.Controllers.ManagementController [(null)] - 23423151
2020-03-09 14:29:05,021 [62] INFO  blog.Controllers.ManagementController [(null)] - 23423151
2020-03-09 14:29:05,278 [74] INFO  blog.Controllers.ManagementController [(null)] - 23423151
2020-03-09 14:29:05,709 [62] INFO  blog.Controllers.ManagementController [(null)] - 23423151
2020-03-09 14:29:05,922 [59] INFO  blog.Controllers.ManagementController [(null)] - 23423151
2020-03-09 14:29:06,123 [74] INFO  blog.Controllers.ManagementController [(null)] - 23423151
2020-03-09 14:29:06,366 [59] INFO  blog.Controllers.ManagementController [(null)] - 23423151
2020-03-09 14:29:07,757 [62] INFO  blog.Controllers.ManagementController [(null)] - 23423151
2020-03-09 14:29:08,656 [56] INFO  blog.Controllers.ManagementController [(null)] - 23423151
2020-03-09 14:29:09,964 [62] INFO  blog.Controllers.ManagementController [(null)] - 23423151
2020-03-09 14:29:10,159 [74] INFO  blog.Controllers.ManagementController [(null)] - 23423151
2020-03-09 14:29:10,365 [62] INFO  blog.Controllers.ManagementController [(null)] - 23423151
2020-03-09 14:29:10,559 [56] INFO  blog.Controllers.ManagementController [(null)] - 23423151
2020-03-09 14:29:10,773 [74] INFO  blog.Controllers.ManagementController [(null)] - 23423151
2020-03-09 14:29:10,983 [62] INFO  blog.Controllers.ManagementController [(null)] - 23423151
2020-03-09 14:29:11,174 [59] INFO  blog.Controllers.ManagementController [(null)] - 23423151
2020-03-09 14:29:14,848 [74] INFO  blog.Controllers.ManagementController [(null)] - 23423151
2020-03-09 14:29:15,065 [62] INFO  blog.Controllers.ManagementController [(null)] - 23423151
2020-03-09 14:29:15,296 [74] INFO  blog.Controllers.ManagementController [(null)] - 23423151
2020-03-09 14:29:32,996 [59] INFO  blog.Controllers.ManagementController [(null)] - 23423171
2020-03-09 14:29:34,009 [56] INFO  blog.Controllers.ManagementController [(null)] - 23423171
2020-03-09 14:29:38,800 [62] INFO  blog.Controllers.ManagementController [(null)] - 获取的文章Id是:2
2020-03-09 14:29:38,866 [74] INFO  blog.Controllers.ManagementController [(null)] - 获取分类的Id是:5
2020-03-09 14:29:47,617 [56] INFO  blog.Controllers.ManagementController [(null)] - T-SQL学习等待****顶顶顶顶额52
2020-03-09 14:35:02,219 [9] INFO  blog.Controllers.UserController [(null)] - username=Cookie,password=123
2020-03-09 14:35:02,282 [9] INFO  blog.Services.Impl.UserServiceImpl [(null)] - 用户 Cookie 密码验证正确
2020-03-09 14:35:13,005 [9] INFO  blog.Controllers.ManagementController [(null)] - 获取的文章Id是:1
2020-03-09 14:35:13,109 [10] INFO  blog.Controllers.ManagementController [(null)] - 获取分类的Id是:7
2020-03-09 14:35:24,327 [9] INFO  blog.Controllers.ManagementController [(null)] - 23423171
2020-03-09 14:35:38,981 [10] INFO  blog.Controllers.ManagementController [(null)] - 获取的文章Id是:1
2020-03-09 14:35:39,069 [10] INFO  blog.Controllers.ManagementController [(null)] - 获取分类的Id是:7
2020-03-09 14:36:23,965 [9] INFO  blog.Controllers.UserController [(null)] - username=Cookie,password=123
2020-03-09 14:36:23,982 [9] INFO  blog.Services.Impl.UserServiceImpl [(null)] - 用户 Cookie 密码验证正确
2020-03-09 14:38:04,047 [31] INFO  blog.Controllers.UserController [(null)] - username=Cookie,password=123
2020-03-09 14:38:04,054 [31] INFO  blog.Services.Impl.UserServiceImpl [(null)] - 用户 Cookie 密码验证正确
2020-03-09 14:38:23,560 [37] INFO  blog.Controllers.UserController [(null)] - username=Cookie,password=123
2020-03-09 14:38:23,567 [37] INFO  blog.Services.Impl.UserServiceImpl [(null)] - 用户 Cookie 密码验证正确
2020-03-09 14:38:29,021 [30] INFO  blog.Controllers.ManagementController [(null)] - 获取的文章Id是:2
2020-03-09 14:38:29,117 [30] INFO  blog.Controllers.ManagementController [(null)] - 获取分类的Id是:5
2020-03-09 14:38:35,323 [31] INFO  blog.Controllers.ManagementController [(null)] - T-SQL学习等待****顶顶顶顶额三生三世上述是是52
2020-03-09 14:39:22,222 [31] INFO  blog.Controllers.ManagementController [(null)] - 删除的文章Id是：1
2020-03-09 14:40:08,756 [38] INFO  blog.Controllers.UserController [(null)] - username=1,password=1
2020-03-09 14:40:08,767 [38] INFO  blog.Services.Impl.UserServiceImpl [(null)] - 用户 1 密码验证正确
2020-03-09 14:40:41,032 [38] INFO  blog.Controllers.ManagementController [(null)] - 添加的分类为1112
2020-03-09 14:44:02,735 [38] INFO  blog.Controllers.ManagementController [(null)] - 删除的分类Id是:5
2020-03-09 14:44:38,213 [38] INFO  blog.Controllers.ManagementController [(null)] - 删除的分类Id是:4
2020-03-09 14:44:40,182 [38] INFO  blog.Controllers.ManagementController [(null)] - 删除的分类Id是:6
2020-03-09 14:44:42,355 [38] INFO  blog.Controllers.ManagementController [(null)] - 删除的分类Id是:7
2020-03-09 14:44:44,422 [90] INFO  blog.Controllers.ManagementController [(null)] - 删除的分类Id是:8
2020-03-09 14:44:49,566 [38] INFO  blog.Controllers.ManagementController [(null)] - 添加的分类为Java
2020-03-09 14:44:54,166 [38] INFO  blog.Controllers.ManagementController [(null)] - 添加的分类为C#
2020-03-09 14:45:00,012 [38] INFO  blog.Controllers.ManagementController [(null)] - 添加的分类为Python
2020-03-09 14:45:06,555 [90] INFO  blog.Controllers.ManagementController [(null)] - 添加的分类为生活
2020-03-09 14:45:10,500 [37] INFO  blog.Controllers.ManagementController [(null)] - 添加的分类为算法
2020-03-09 14:45:15,355 [43] INFO  blog.Controllers.ManagementController [(null)] - 添加的分类为新蛋公司
2020-03-09 14:46:45,353 [39] INFO  blog.Controllers.ManagementController [(null)] - 添加的文章名为:Mark实例,添加的用户是:Cookie,添加的分类Id为:13
2020-03-09 14:50:56,945 [117] INFO  blog.Controllers.ManagementController [(null)] - 添加的文章名为:评论,添加的用户是:Cookie,添加的分类Id为:13
2020-03-09 15:02:18,276 [108] INFO  blog.Controllers.UserController [(null)] - username=1,password=1
2020-03-09 15:02:18,285 [108] INFO  blog.Services.Impl.UserServiceImpl [(null)] - 用户 1 密码验证正确
2020-03-09 15:03:11,505 [136] INFO  blog.Controllers.UserController [(null)] - username=1,password=1
2020-03-09 15:03:11,513 [136] INFO  blog.Services.Impl.UserServiceImpl [(null)] - 用户 1 密码验证正确
2020-03-09 15:03:45,016 [188] INFO  blog.Controllers.UserController [(null)] - username=1,password=1
2020-03-09 15:03:45,023 [188] INFO  blog.Services.Impl.UserServiceImpl [(null)] - 用户 1 密码验证正确
2020-03-09 15:05:57,841 [208] INFO  blog.Controllers.UserController [(null)] - username=Cookie,password=123
2020-03-09 15:05:57,849 [208] INFO  blog.Services.Impl.UserServiceImpl [(null)] - 用户 Cookie 密码验证正确
2020-03-09 15:06:45,189 [205] INFO  blog.Controllers.UserController [(null)] - username=Cookie,password=123
2020-03-09 15:06:45,198 [205] INFO  blog.Services.Impl.UserServiceImpl [(null)] - 用户 Cookie 密码验证正确
2020-03-09 15:07:09,248 [205] INFO  blog.Controllers.UserController [(null)] - username=Cookie,password=123
2020-03-09 15:07:09,256 [205] INFO  blog.Services.Impl.UserServiceImpl [(null)] - 用户 Cookie 密码验证正确
2020-03-09 15:07:47,077 [205] INFO  blog.Controllers.UserController [(null)] - username=Cookie,password=123
2020-03-09 15:07:47,087 [205] INFO  blog.Services.Impl.UserServiceImpl [(null)] - 用户 Cookie 密码验证正确
2020-03-09 15:08:43,796 [201] INFO  blog.Controllers.UserController [(null)] - username=Cookie,password=123
2020-03-09 15:08:43,804 [201] INFO  blog.Services.Impl.UserServiceImpl [(null)] - 用户 Cookie 密码验证正确
2020-03-09 15:09:39,459 [254] INFO  blog.Controllers.UserController [(null)] - username=Cookie,password=123
2020-03-09 15:09:39,467 [254] INFO  blog.Services.Impl.UserServiceImpl [(null)] - 用户 Cookie 密码验证正确
2020-03-09 15:12:26,652 [259] INFO  blog.Controllers.UserController [(null)] - username=Cookie,password=123
2020-03-09 15:12:26,660 [259] INFO  blog.Services.Impl.UserServiceImpl [(null)] - 用户 Cookie 密码验证正确
2020-03-09 15:22:18,240 [6] INFO  blog.Controllers.UserController [(null)] - username=Cookie,password=123
2020-03-09 15:22:18,340 [6] INFO  blog.Services.Impl.UserServiceImpl [(null)] - 用户 Cookie 密码验证正确
2020-03-09 15:22:33,672 [7] INFO  blog.Controllers.UserController [(null)] - username=Cookie,password=123
2020-03-09 15:22:33,679 [7] INFO  blog.Services.Impl.UserServiceImpl [(null)] - 用户 Cookie 密码验证正确
2020-03-09 15:23:12,320 [7] INFO  blog.Controllers.UserController [(null)] - username=Cookie,password=123
2020-03-09 15:23:12,328 [7] INFO  blog.Services.Impl.UserServiceImpl [(null)] - 用户 Cookie 密码验证正确
2020-03-09 15:23:21,630 [27] INFO  blog.Controllers.UserController [(null)] - username=Cookie,password=123
2020-03-09 15:23:21,640 [27] INFO  blog.Services.Impl.UserServiceImpl [(null)] - 用户 Cookie 密码验证正确
2020-03-09 15:23:31,894 [7] INFO  blog.Controllers.UserController [(null)] - username=1,password=1
2020-03-09 15:23:31,905 [7] INFO  blog.Services.Impl.UserServiceImpl [(null)] - 用户 1 密码验证正确
2020-03-09 15:37:10,982 [46] INFO  blog.Controllers.ManagementController [(null)] - 删除的分类Id是:9
2020-03-09 15:38:19,104 [54] INFO  blog.Controllers.ManagementController [(null)] - 添加的分类为生活
2020-03-09 15:40:20,476 [60] INFO  blog.Controllers.ManagementController [(null)] - 添加的文章名为:中国人名大团结！！,添加的用户是:孤独的陌生人,添加的分类Id为:16
2020-03-09 15:57:01,092 [17] INFO  blog.Controllers.UserController [(null)] - username=1,password=1
2020-03-09 15:57:01,208 [17] INFO  blog.Services.Impl.UserServiceImpl [(null)] - 用户 1 密码验证正确
2020-03-09 15:57:14,698 [23] INFO  blog.Controllers.UserController [(null)] - username=Cookie,password=123
2020-03-09 15:57:14,707 [23] INFO  blog.Services.Impl.UserServiceImpl [(null)] - 用户 Cookie 密码验证正确
2020-03-09 15:59:48,112 [46] INFO  blog.Controllers.UserController [(null)] - username=Cookie,password=123
2020-03-09 15:59:48,122 [46] INFO  blog.Services.Impl.UserServiceImpl [(null)] - 用户 Cookie 密码验证正确
2020-03-09 16:00:05,754 [22] INFO  blog.Controllers.UserController [(null)] - username=Cookie,password=123
2020-03-09 16:00:05,764 [22] INFO  blog.Services.Impl.UserServiceImpl [(null)] - 用户 Cookie 密码验证正确
2020-03-09 16:01:27,608 [23] INFO  blog.Controllers.UserController [(null)] - username=Cookie,password=123
2020-03-09 16:01:27,618 [23] INFO  blog.Services.Impl.UserServiceImpl [(null)] - 用户 Cookie 密码验证正确
2020-03-09 16:06:15,396 [43] INFO  blog.Controllers.UserController [(null)] - username=Cookie,password=123
2020-03-09 16:06:15,406 [43] INFO  blog.Services.Impl.UserServiceImpl [(null)] - 用户 Cookie 密码验证正确
2020-03-09 16:17:29,133 [147] INFO  blog.Controllers.UserController [(null)] - username=Cookie,password=123
2020-03-09 16:17:29,143 [147] INFO  blog.Services.Impl.UserServiceImpl [(null)] - 用户 Cookie 密码验证正确
2020-03-09 17:57:58,594 [151] INFO  blog.Controllers.UserController [(null)] - username=Cookie,password=123
2020-03-09 17:57:58,603 [151] INFO  blog.Services.Impl.UserServiceImpl [(null)] - 用户 Cookie 密码验证正确
2020-03-09 17:58:55,944 [151] INFO  blog.Controllers.UserController [(null)] - username=Cookie,password=123
2020-03-09 17:58:55,952 [151] INFO  blog.Services.Impl.UserServiceImpl [(null)] - 用户 Cookie 密码验证正确
2020-03-09 17:59:30,740 [133] INFO  blog.Controllers.UserController [(null)] - username=Cookie,password=123
2020-03-09 17:59:30,750 [133] INFO  blog.Services.Impl.UserServiceImpl [(null)] - 用户 Cookie 密码验证正确
2020-03-09 18:27:44,843 [34] INFO  blog.Controllers.UserController [(null)] - username=Cookie,password=123
2020-03-09 18:27:44,973 [34] INFO  blog.Services.Impl.UserServiceImpl [(null)] - 用户 Cookie 密码验证正确
2020-03-09 18:28:28,573 [35] INFO  blog.Controllers.UserController [(null)] - username=Cookie,password=123
2020-03-09 18:28:28,582 [35] INFO  blog.Services.Impl.UserServiceImpl [(null)] - 用户 Cookie 密码验证正确
2020-03-09 18:29:34,647 [11] INFO  blog.Controllers.UserController [(null)] - username=Cookie,password=123
2020-03-09 18:29:34,792 [11] INFO  blog.Services.Impl.UserServiceImpl [(null)] - 用户 Cookie 密码验证正确
2020-03-09 18:31:41,375 [13] INFO  blog.Controllers.UserController [(null)] - username=Cookie,password=123
2020-03-09 18:31:41,481 [13] INFO  blog.Services.Impl.UserServiceImpl [(null)] - 用户 Cookie 密码验证正确
2020-03-09 18:34:48,124 [6] INFO  blog.Controllers.UserController [(null)] - username=Cookie,password=123
2020-03-09 18:34:48,132 [20] INFO  blog.Controllers.UserController [(null)] - username=Cookie,password=123
2020-03-09 18:34:48,157 [17] INFO  blog.Controllers.UserController [(null)] - username=Cookie,password=123
2020-03-09 18:34:48,163 [20] INFO  blog.Services.Impl.UserServiceImpl [(null)] - 用户 Cookie 密码验证正确
2020-03-09 18:34:48,168 [6] INFO  blog.Services.Impl.UserServiceImpl [(null)] - 用户 Cookie 密码验证正确
2020-03-09 18:34:48,199 [17] INFO  blog.Services.Impl.UserServiceImpl [(null)] - 用户 Cookie 密码验证正确
2020-03-09 18:34:48,276 [17] INFO  blog.Controllers.UserController [(null)] - username=Cookie,password=123
2020-03-09 18:34:48,279 [6] INFO  blog.Controllers.UserController [(null)] - username=Cookie,password=123
2020-03-09 18:34:48,285 [21] INFO  blog.Controllers.UserController [(null)] - username=Cookie,password=123
2020-03-09 18:34:48,319 [6] INFO  blog.Services.Impl.UserServiceImpl [(null)] - 用户 Cookie 密码验证正确
2020-03-09 18:34:48,320 [17] INFO  blog.Services.Impl.UserServiceImpl [(null)] - 用户 Cookie 密码验证正确
2020-03-09 18:34:48,326 [21] INFO  blog.Services.Impl.UserServiceImpl [(null)] - 用户 Cookie 密码验证正确
2020-03-09 18:34:48,336 [20] INFO  blog.Controllers.UserController [(null)] - username=Cookie,password=123
2020-03-09 18:34:48,369 [20] INFO  blog.Services.Impl.UserServiceImpl [(null)] - 用户 Cookie 密码验证正确
2020-03-09 18:34:48,600 [24] INFO  blog.Controllers.UserController [(null)] - username=Cookie,password=123
2020-03-09 18:34:48,714 [24] INFO  blog.Services.Impl.UserServiceImpl [(null)] - 用户 Cookie 密码验证正确
2020-03-09 18:34:51,185 [31] INFO  blog.Controllers.UserController [(null)] - username=Cookie,password=123
2020-03-09 18:34:51,257 [31] INFO  blog.Services.Impl.UserServiceImpl [(null)] - 用户 Cookie 密码验证正确
2020-03-09 18:36:07,230 [34] INFO  blog.Controllers.UserController [(null)] - username=Cookie,password=123
2020-03-09 18:36:07,239 [34] INFO  blog.Services.Impl.UserServiceImpl [(null)] - 用户 Cookie 密码验证正确
2020-03-09 18:40:13,372 [76] INFO  blog.Controllers.UserController [(null)] - username=Cookie,password=123
2020-03-09 18:40:13,379 [76] INFO  blog.Services.Impl.UserServiceImpl [(null)] - 用户 Cookie 密码验证正确
2020-03-09 18:46:25,150 [94] INFO  blog.Controllers.UserController [(null)] - username=Cookie,password=123
2020-03-09 18:46:25,158 [94] INFO  blog.Services.Impl.UserServiceImpl [(null)] - 用户 Cookie 密码验证正确
