2020-03-08 12:57:26,657 [6] INFO  blog.Controllers.AboutMeController [(null)] - username=Cookie,password=123456
2020-03-08 12:57:26,709 [6] INFO  blog.Services.Impl.LoginServiceImpl [(null)] - 用户 Cookie 密码验证正确
2020-03-08 12:59:43,299 [41] INFO  blog.Controllers.ManagementController [(null)] - 添加的分类为今天是星期天
2020-03-08 12:59:45,873 [41] INFO  blog.Controllers.ManagementController [(null)] - 删除的分类Id是:5
2020-03-08 13:33:56,447 [16] INFO  blog.Controllers.AboutMeController [(null)] - username=Cookie,password=123456
2020-03-08 13:33:56,447 [22] INFO  blog.Controllers.AboutMeController [(null)] - username=Cookie,password=123456
2020-03-08 13:33:56,472 [22] INFO  blog.Services.Impl.LoginServiceImpl [(null)] - 用户 Cookie 密码验证正确
2020-03-08 13:33:56,472 [16] INFO  blog.Services.Impl.LoginServiceImpl [(null)] - 用户 Cookie 密码验证正确
2020-03-08 13:35:15,577 [7] INFO  blog.Controllers.AboutMeController [(null)] - username=Cookie,password=123456
2020-03-08 13:35:15,612 [7] INFO  blog.Services.Impl.LoginServiceImpl [(null)] - 用户 Cookie 密码验证正确
2020-03-08 13:35:31,109 [10] INFO  blog.Controllers.ManagementController [(null)] - 添加的分类为1
2020-03-08 13:35:37,611 [7] INFO  blog.Controllers.ManagementController [(null)] - 添加的文章名为:1,添加的用户是:,添加的分类Id为:1
2020-03-08 13:36:01,582 [17] INFO  blog.Controllers.ManagementController [(null)] - 添加的文章名为:123,添加的用户是:,添加的分类Id为:1
2020-03-08 13:42:58,541 [7] INFO  blog.Controllers.AboutMeController [(null)] - username=Cookie,password=123456
2020-03-08 13:42:58,542 [7] INFO  blog.Services.Impl.LoginServiceImpl [(null)] - 用户 Cookie 密码验证正确
2020-03-08 15:23:55,893 [7] INFO  blog.Controllers.UserController [(null)] - username=Cookie,password=123456
2020-03-08 15:30:55,378 [11] INFO  blog.Controllers.UserController [(null)] - username=Cookie,password=123456
2020-03-08 15:31:57,941 [7] INFO  blog.Controllers.UserController [(null)] - username=Cookie,password=123456
2020-03-08 15:32:34,977 [38] INFO  blog.Controllers.UserController [(null)] - username=Cookie,password=123456
2020-03-08 15:39:26,507 [11] INFO  blog.Controllers.UserController [(null)] - username=Cookie,password=123456
2020-03-08 15:41:36,943 [11] INFO  blog.Controllers.UserController [(null)] - username=Cookie,password=123456
2020-03-08 15:42:53,471 [6] INFO  blog.Controllers.UserController [(null)] - username=Cookie,password=123456
2020-03-08 15:44:01,434 [6] INFO  blog.Controllers.UserController [(null)] - username=Cookie,password=123456
2020-03-08 15:44:19,881 [6] INFO  blog.Controllers.UserController [(null)] - username=Cookie,password=123456
2020-03-08 15:46:25,600 [10] INFO  blog.Controllers.UserController [(null)] - username=Cookie,password=123456
2020-03-08 15:47:08,538 [9] INFO  blog.Controllers.UserController [(null)] - username=Cookie,password=123456
2020-03-08 15:54:02,768 [21] INFO  blog.Controllers.UserController [(null)] - username=Cookie,password=123456
2020-03-08 15:54:26,192 [21] INFO  blog.Controllers.UserController [(null)] - username=Cookie,password=123456
2020-03-08 15:54:45,150 [16] INFO  blog.Controllers.UserController [(null)] - username=Cookie,password=123456
2020-03-08 15:56:25,108 [6] INFO  blog.Controllers.UserController [(null)] - username=Cookie,password=123456
2020-03-08 15:56:32,264 [7] INFO  blog.Controllers.UserController [(null)] - username=Cookie,password=123456
2020-03-08 15:56:33,045 [7] INFO  blog.Controllers.UserController [(null)] - username=Cookie,password=123456
2020-03-08 15:56:33,263 [7] INFO  blog.Controllers.UserController [(null)] - username=Cookie,password=123456
2020-03-08 15:56:33,458 [10] INFO  blog.Controllers.UserController [(null)] - username=Cookie,password=123456
2020-03-08 15:56:33,645 [7] INFO  blog.Controllers.UserController [(null)] - username=Cookie,password=123456
2020-03-08 15:58:26,344 [6] INFO  blog.Controllers.UserController [(null)] - username=Cookie,password=123456
2020-03-08 15:58:58,211 [27] INFO  blog.Controllers.UserController [(null)] - username=Cookie,password=123456
2020-03-08 15:59:12,894 [6] INFO  blog.Controllers.UserController [(null)] - username=Cookie,password=123456
2020-03-08 15:59:15,798 [27] INFO  blog.Controllers.UserController [(null)] - username=Cookie,password=123456
2020-03-08 15:59:15,965 [6] INFO  blog.Controllers.UserController [(null)] - username=Cookie,password=123456
2020-03-08 15:59:16,144 [26] INFO  blog.Controllers.UserController [(null)] - username=Cookie,password=123456
2020-03-08 15:59:16,292 [26] INFO  blog.Controllers.UserController [(null)] - username=Cookie,password=123456
2020-03-08 15:59:16,447 [6] INFO  blog.Controllers.UserController [(null)] - username=Cookie,password=123456
2020-03-08 15:59:16,550 [26] INFO  blog.Controllers.UserController [(null)] - username=Cookie,password=123456
2020-03-08 16:01:08,028 [24] INFO  blog.Controllers.UserController [(null)] - username=Cookie,password=123456
2020-03-08 16:01:29,470 [30] INFO  blog.Controllers.UserController [(null)] - username=Cookie,password=123456
2020-03-08 16:04:53,371 [10] INFO  blog.Controllers.UserController [(null)] - username=Cookie,password=123456
2020-03-08 16:04:59,685 [7] INFO  blog.Controllers.UserController [(null)] - username=Cookie,password=123456
2020-03-08 16:05:36,355 [12] INFO  blog.Controllers.UserController [(null)] - username=Cookie,password=123456
2020-03-08 16:08:06,272 [29] INFO  blog.Controllers.UserController [(null)] - username=Cookie,password=123456
2020-03-08 16:08:31,606 [30] INFO  blog.Controllers.UserController [(null)] - username=Cookie,password=123456
2020-03-08 16:08:46,860 [26] INFO  blog.Controllers.UserController [(null)] - username=Cookie,password=123456
2020-03-08 16:09:15,824 [7] INFO  blog.Controllers.UserController [(null)] - username=Cookie,password=123456
2020-03-08 16:10:09,451 [7] INFO  blog.Controllers.UserController [(null)] - username=Cookie,password=123456
2020-03-08 16:10:38,571 [26] INFO  blog.Controllers.UserController [(null)] - username=Cookie,password=123456
2020-03-08 16:12:11,925 [36] INFO  blog.Controllers.UserController [(null)] - username=Cookie,password=123456
2020-03-08 16:13:36,745 [43] INFO  blog.Controllers.UserController [(null)] - username=Cookie,password=123456
2020-03-08 16:14:01,894 [39] INFO  blog.Controllers.UserController [(null)] - username=Cookie,password=123456
2020-03-08 16:26:32,573 [48] INFO  blog.Controllers.UserController [(null)] - username=Cookie,password=123456
2020-03-08 16:26:58,102 [54] INFO  blog.Controllers.UserController [(null)] - username=Cookie,password=123456
2020-03-08 16:27:42,485 [41] INFO  blog.Controllers.UserController [(null)] - username=Cookie,password=123456
2020-03-08 16:27:48,584 [73] INFO  blog.Controllers.UserController [(null)] - username=Cookie,password=123456
2020-03-08 16:27:50,790 [41] INFO  blog.Controllers.UserController [(null)] - username=Cookie,password=123456
2020-03-08 16:27:52,998 [48] INFO  blog.Controllers.UserController [(null)] - username=Cookie,password=123456
2020-03-08 16:30:06,837 [73] INFO  blog.Controllers.UserController [(null)] - username=Cookie,password=132
2020-03-08 16:30:10,765 [85] INFO  blog.Controllers.UserController [(null)] - username=Cookie,password=123456
2020-03-08 16:31:51,013 [85] INFO  blog.Controllers.UserController [(null)] - username=Cookie,password=123456
2020-03-08 16:31:53,574 [73] INFO  blog.Controllers.UserController [(null)] - username=Cookie,password=123456
2020-03-08 16:32:54,934 [85] INFO  blog.Controllers.UserController [(null)] - username=Cookie,password=123456
2020-03-08 16:33:13,283 [73] INFO  blog.Controllers.UserController [(null)] - username=Cookie,password=123456
2020-03-08 16:33:38,678 [105] INFO  blog.Controllers.UserController [(null)] - username=Cookie,password=123456
2020-03-08 16:34:29,554 [7] INFO  blog.Controllers.UserController [(null)] - username=Cookie,password=123456
2020-03-08 16:34:30,378 [7] INFO  blog.Controllers.UserController [(null)] - username=Cookie,password=123456
2020-03-08 16:34:30,694 [10] INFO  blog.Controllers.UserController [(null)] - username=Cookie,password=123456
2020-03-08 16:34:30,925 [18] INFO  blog.Controllers.UserController [(null)] - username=Cookie,password=123456
2020-03-08 16:34:44,947 [6] INFO  blog.Controllers.UserController [(null)] - username=Cookie,password=123456
2020-03-08 16:59:06,891 [7] INFO  blog.Controllers.UserController [(null)] - username=Cookie,password=123456
2020-03-08 16:59:06,891 [6] INFO  blog.Controllers.UserController [(null)] - username=Cookie,password=123456
2020-03-08 17:00:34,977 [24] INFO  blog.Controllers.UserController [(null)] - username=Cookie,password=123456
2020-03-08 17:00:44,111 [24] INFO  blog.Controllers.UserController [(null)] - username=Cookie,password=123456
2020-03-08 17:08:17,410 [6] INFO  blog.Controllers.UserController [(null)] - username=Cookie,password=123456
2020-03-08 17:08:18,736 [12] INFO  blog.Controllers.UserController [(null)] - username=Cookie,password=123456
2020-03-08 17:08:19,342 [12] INFO  blog.Controllers.UserController [(null)] - username=Cookie,password=123456
2020-03-08 17:08:19,989 [21] INFO  blog.Controllers.UserController [(null)] - username=Cookie,password=123456
2020-03-08 17:08:20,782 [21] INFO  blog.Controllers.UserController [(null)] - username=Cookie,password=123456
2020-03-08 17:08:24,568 [12] INFO  blog.Controllers.UserController [(null)] - username=Cookie,password=123456
2020-03-08 17:09:07,499 [23] INFO  blog.Controllers.UserController [(null)] - username=Cookie,password=123456
2020-03-08 18:21:53,999 [30] INFO  blog.Controllers.UserController [(null)] - username=Cookie,password=123456
2020-03-08 18:22:59,282 [30] INFO  blog.Controllers.UserController [(null)] - username=Cookie,password=123456
2020-03-08 18:23:26,225 [28] INFO  blog.Controllers.UserController [(null)] - username=Cookie,password=123456
2020-03-08 18:27:42,189 [42] INFO  blog.Controllers.UserController [(null)] - username=Cookie,password=123456
2020-03-08 18:28:20,478 [42] INFO  blog.Controllers.UserController [(null)] - username=Cookie,password=123456
2020-03-08 18:32:07,706 [52] INFO  blog.Controllers.UserController [(null)] - username=Cookie,password=123456
2020-03-08 18:33:06,847 [41] INFO  blog.Controllers.UserController [(null)] - username=Cookie,password=123456
2020-03-08 18:33:25,975 [41] INFO  blog.Controllers.UserController [(null)] - username=Cookie,password=123456
2020-03-08 18:38:40,062 [42] INFO  blog.Controllers.UserController [(null)] - username=Cookie,password=123456
2020-03-08 18:38:41,091 [60] INFO  blog.Controllers.UserController [(null)] - username=Cookie,password=123456
2020-03-08 18:38:41,279 [42] INFO  blog.Controllers.UserController [(null)] - username=Cookie,password=123456
2020-03-08 18:38:41,485 [42] INFO  blog.Controllers.UserController [(null)] - username=Cookie,password=123456
2020-03-08 18:38:41,692 [42] INFO  blog.Controllers.UserController [(null)] - username=Cookie,password=123456
2020-03-08 18:38:41,918 [56] INFO  blog.Controllers.UserController [(null)] - username=Cookie,password=123456
2020-03-08 18:38:42,053 [42] INFO  blog.Controllers.UserController [(null)] - username=Cookie,password=123456
2020-03-08 18:38:42,197 [56] INFO  blog.Controllers.UserController [(null)] - username=Cookie,password=123456
2020-03-08 18:38:42,342 [60] INFO  blog.Controllers.UserController [(null)] - username=Cookie,password=123456
2020-03-08 18:38:42,609 [61] INFO  blog.Controllers.UserController [(null)] - username=Cookie,password=123456
2020-03-08 18:38:42,733 [60] INFO  blog.Controllers.UserController [(null)] - username=Cookie,password=123456
2020-03-08 18:38:42,857 [60] INFO  blog.Controllers.UserController [(null)] - username=Cookie,password=123456
2020-03-08 18:38:43,013 [56] INFO  blog.Controllers.UserController [(null)] - username=Cookie,password=123456
2020-03-08 18:38:43,175 [42] INFO  blog.Controllers.UserController [(null)] - username=Cookie,password=123456
2020-03-08 18:38:43,323 [42] INFO  blog.Controllers.UserController [(null)] - username=Cookie,password=123456
2020-03-08 18:38:43,471 [61] INFO  blog.Controllers.UserController [(null)] - username=Cookie,password=123456
2020-03-08 18:38:43,599 [61] INFO  blog.Controllers.UserController [(null)] - username=Cookie,password=123456
2020-03-08 18:38:43,735 [42] INFO  blog.Controllers.UserController [(null)] - username=Cookie,password=123456
2020-03-08 18:38:43,871 [60] INFO  blog.Controllers.UserController [(null)] - username=Cookie,password=123456
2020-03-08 18:38:43,998 [60] INFO  blog.Controllers.UserController [(null)] - username=Cookie,password=123456
2020-03-08 18:38:44,109 [42] INFO  blog.Controllers.UserController [(null)] - username=Cookie,password=123456
2020-03-08 18:38:44,254 [60] INFO  blog.Controllers.UserController [(null)] - username=Cookie,password=123456
2020-03-08 18:38:44,416 [56] INFO  blog.Controllers.UserController [(null)] - username=Cookie,password=123456
2020-03-08 18:38:57,454 [42] INFO  blog.Controllers.UserController [(null)] - username=Cookie,password=123456
2020-03-08 18:41:00,661 [56] INFO  blog.Controllers.UserController [(null)] - username=Cookie,password=123456
2020-03-08 18:41:17,880 [61] INFO  blog.Controllers.UserController [(null)] - username=Cookie,password=123456
2020-03-08 18:41:18,605 [65] INFO  blog.Controllers.UserController [(null)] - username=Cookie,password=123456
2020-03-08 18:41:18,805 [56] INFO  blog.Controllers.UserController [(null)] - username=Cookie,password=123456
2020-03-08 18:41:21,180 [56] INFO  blog.Controllers.UserController [(null)] - username=Cookie,password=123456
2020-03-08 18:41:23,697 [42] INFO  blog.Controllers.UserController [(null)] - username=Cookiee,password=123456
2020-03-08 18:41:24,909 [56] INFO  blog.Controllers.UserController [(null)] - username=Cookiee,password=123456
2020-03-08 18:41:31,633 [42] INFO  blog.Controllers.UserController [(null)] - username=Cookiee,password=123456
2020-03-08 18:41:34,657 [66] INFO  blog.Controllers.UserController [(null)] - username=Cookieee,password=123456
2020-03-08 18:41:35,274 [56] INFO  blog.Controllers.UserController [(null)] - username=Cookieee,password=123456
2020-03-08 18:41:45,087 [65] INFO  blog.Controllers.UserController [(null)] - username=Cookie,password=123456
2020-03-08 18:41:48,136 [66] INFO  blog.Controllers.UserController [(null)] - username=Cookie,password=123456
2020-03-08 18:43:38,568 [9] INFO  blog.Controllers.UserController [(null)] - username=Cookie,password=123
2020-03-08 18:43:57,784 [6] INFO  blog.Controllers.UserController [(null)] - username=Cookie,password=123
2020-03-08 18:44:16,670 [12] INFO  blog.Controllers.UserController [(null)] - username=Cookie,password=123456
2020-03-08 18:44:50,083 [7] INFO  blog.Controllers.UserController [(null)] - username=Cookie,password=123456
2020-03-08 18:45:03,395 [12] INFO  blog.Controllers.UserController [(null)] - username=Cookie,password=123456
2020-03-08 18:45:05,944 [16] INFO  blog.Controllers.UserController [(null)] - username=Cookie,password=123456
2020-03-08 18:45:07,478 [6] INFO  blog.Controllers.UserController [(null)] - username=Cookie,password=123456
2020-03-08 18:45:07,952 [16] INFO  blog.Controllers.UserController [(null)] - username=Cookie,password=123456
2020-03-08 18:45:08,208 [6] INFO  blog.Controllers.UserController [(null)] - username=Cookie,password=123456
2020-03-08 18:45:08,433 [11] INFO  blog.Controllers.UserController [(null)] - username=Cookie,password=123456
2020-03-08 18:45:08,634 [11] INFO  blog.Controllers.UserController [(null)] - username=Cookie,password=123456
2020-03-08 18:45:08,812 [11] INFO  blog.Controllers.UserController [(null)] - username=Cookie,password=123456
2020-03-08 18:45:09,001 [6] INFO  blog.Controllers.UserController [(null)] - username=Cookie,password=123456
2020-03-08 18:45:09,196 [6] INFO  blog.Controllers.UserController [(null)] - username=Cookie,password=123456
2020-03-08 18:45:09,369 [7] INFO  blog.Controllers.UserController [(null)] - username=Cookie,password=123456
2020-03-08 18:45:09,559 [11] INFO  blog.Controllers.UserController [(null)] - username=Cookie,password=123456
2020-03-08 18:45:09,743 [11] INFO  blog.Controllers.UserController [(null)] - username=Cookie,password=123456
2020-03-08 18:45:09,926 [7] INFO  blog.Controllers.UserController [(null)] - username=Cookie,password=123456
2020-03-08 18:45:10,100 [7] INFO  blog.Controllers.UserController [(null)] - username=Cookie,password=123456
2020-03-08 18:45:10,288 [7] INFO  blog.Controllers.UserController [(null)] - username=Cookie,password=123456
2020-03-08 18:45:10,472 [6] INFO  blog.Controllers.UserController [(null)] - username=Cookie,password=123456
2020-03-08 18:45:10,743 [6] INFO  blog.Controllers.UserController [(null)] - username=Cookie,password=123456
2020-03-08 18:45:10,944 [6] INFO  blog.Controllers.UserController [(null)] - username=Cookie,password=123456
2020-03-08 18:45:12,710 [13] INFO  blog.Controllers.UserController [(null)] - username=Cookie,password=123456
2020-03-08 18:45:12,951 [16] INFO  blog.Controllers.UserController [(null)] - username=Cookie,password=123456
2020-03-08 18:45:13,139 [13] INFO  blog.Controllers.UserController [(null)] - username=Cookie,password=123456
2020-03-08 18:45:13,327 [6] INFO  blog.Controllers.UserController [(null)] - username=Cookie,password=123456
2020-03-08 18:45:13,537 [13] INFO  blog.Controllers.UserController [(null)] - username=Cookie,password=123456
2020-03-08 18:45:13,716 [7] INFO  blog.Controllers.UserController [(null)] - username=Cookie,password=123456
2020-03-08 18:45:13,904 [11] INFO  blog.Controllers.UserController [(null)] - username=Cookie,password=123456
2020-03-08 18:45:14,077 [11] INFO  blog.Controllers.UserController [(null)] - username=Cookie,password=123456
2020-03-08 18:45:14,247 [6] INFO  blog.Controllers.UserController [(null)] - username=Cookie,password=123456
2020-03-08 18:45:14,445 [6] INFO  blog.Controllers.UserController [(null)] - username=Cookie,password=123456
2020-03-08 18:45:15,782 [13] INFO  blog.Controllers.UserController [(null)] - username=Cookiee,password=123456
2020-03-08 18:45:25,836 [12] INFO  blog.Controllers.UserController [(null)] - username=Cookie,password=123456
2020-03-08 18:45:26,686 [11] INFO  blog.Controllers.UserController [(null)] - username=Cookie,password=123456
2020-03-08 18:45:26,892 [11] INFO  blog.Controllers.UserController [(null)] - username=Cookie,password=123456
2020-03-08 18:45:27,071 [11] INFO  blog.Controllers.UserController [(null)] - username=Cookie,password=123456
2020-03-08 18:45:27,225 [11] INFO  blog.Controllers.UserController [(null)] - username=Cookie,password=123456
2020-03-08 18:45:27,405 [11] INFO  blog.Controllers.UserController [(null)] - username=Cookie,password=123456
2020-03-08 18:45:27,749 [7] INFO  blog.Controllers.UserController [(null)] - username=Cookie,password=123456
2020-03-08 18:45:30,392 [11] INFO  blog.Controllers.UserController [(null)] - username=Cookiee,password=123456
2020-03-08 18:45:30,870 [16] INFO  blog.Controllers.UserController [(null)] - username=Cookiee,password=123456
2020-03-08 18:45:31,037 [11] INFO  blog.Controllers.UserController [(null)] - username=Cookiee,password=123456
2020-03-08 18:45:31,204 [6] INFO  blog.Controllers.UserController [(null)] - username=Cookiee,password=123456
2020-03-08 18:45:31,366 [11] INFO  blog.Controllers.UserController [(null)] - username=Cookiee,password=123456
2020-03-08 18:45:33,254 [13] INFO  blog.Controllers.UserController [(null)] - username=Cookiee,password=123456
2020-03-08 18:45:33,502 [7] INFO  blog.Controllers.UserController [(null)] - username=Cookiee,password=123456
2020-03-08 18:45:33,673 [13] INFO  blog.Controllers.UserController [(null)] - username=Cookiee,password=123456
2020-03-08 18:45:33,832 [13] INFO  blog.Controllers.UserController [(null)] - username=Cookiee,password=123456
2020-03-08 18:45:33,990 [6] INFO  blog.Controllers.UserController [(null)] - username=Cookiee,password=123456
2020-03-08 18:45:34,092 [7] INFO  blog.Controllers.UserController [(null)] - username=Cookiee,password=123456
2020-03-08 18:45:35,533 [7] INFO  blog.Controllers.UserController [(null)] - username=Cookieee,password=123456
2020-03-08 18:45:39,347 [7] INFO  blog.Controllers.UserController [(null)] - username=Cookie,password=123456
2020-03-08 18:45:39,782 [11] INFO  blog.Controllers.UserController [(null)] - username=Cookie,password=123456
2020-03-08 18:45:39,950 [16] INFO  blog.Controllers.UserController [(null)] - username=Cookie,password=123456
2020-03-08 18:45:40,100 [6] INFO  blog.Controllers.UserController [(null)] - username=Cookie,password=123456
2020-03-08 18:45:40,255 [6] INFO  blog.Controllers.UserController [(null)] - username=Cookie,password=123456
2020-03-08 18:45:40,406 [16] INFO  blog.Controllers.UserController [(null)] - username=Cookie,password=123456
2020-03-08 18:45:40,533 [7] INFO  blog.Controllers.UserController [(null)] - username=Cookie,password=123456
2020-03-08 18:45:40,669 [6] INFO  blog.Controllers.UserController [(null)] - username=Cookie,password=123456
2020-03-08 18:45:40,823 [13] INFO  blog.Controllers.UserController [(null)] - username=Cookie,password=123456
2020-03-08 18:45:40,968 [6] INFO  blog.Controllers.UserController [(null)] - username=Cookie,password=123456
2020-03-08 18:45:41,089 [6] INFO  blog.Controllers.UserController [(null)] - username=Cookie,password=123456
2020-03-08 18:45:41,221 [12] INFO  blog.Controllers.UserController [(null)] - username=Cookie,password=123456
2020-03-08 18:45:41,350 [6] INFO  blog.Controllers.UserController [(null)] - username=Cookie,password=123456
2020-03-08 18:45:41,479 [6] INFO  blog.Controllers.UserController [(null)] - username=Cookie,password=123456
2020-03-08 18:45:41,615 [6] INFO  blog.Controllers.UserController [(null)] - username=Cookie,password=123456
2020-03-08 18:45:41,892 [11] INFO  blog.Controllers.UserController [(null)] - username=Cookie,password=123456
2020-03-08 18:45:42,054 [12] INFO  blog.Controllers.UserController [(null)] - username=Cookie,password=123456
2020-03-08 18:45:42,213 [11] INFO  blog.Controllers.UserController [(null)] - username=Cookie,password=123456
2020-03-08 18:45:42,389 [16] INFO  blog.Controllers.UserController [(null)] - username=Cookie,password=123456
2020-03-08 18:45:50,710 [16] INFO  blog.Controllers.UserController [(null)] - username=Cookie,password=123456
2020-03-08 18:45:51,350 [16] INFO  blog.Controllers.UserController [(null)] - username=Cookie,password=123456
2020-03-08 18:45:52,109 [7] INFO  blog.Controllers.UserController [(null)] - username=Cookie,password=123456
2020-03-08 18:45:55,813 [16] INFO  blog.Controllers.UserController [(null)] - username=Cookie,password=123456
2020-03-08 18:46:00,049 [6] INFO  blog.Controllers.UserController [(null)] - username=Cookie,password=123
2020-03-08 18:46:00,056 [6] INFO  blog.Services.Impl.UserServiceImpl [(null)] - 用户 Cookie 密码验证正确
2020-03-08 18:58:07,401 [84] INFO  blog.Controllers.UserController [(null)] - username=Cookie,password=123
2020-03-08 18:58:07,409 [84] INFO  blog.Services.Impl.UserServiceImpl [(null)] - 用户 Cookie 密码验证正确
2020-03-08 18:58:32,108 [98] INFO  blog.Controllers.UserController [(null)] - username=Cookie,password=123
2020-03-08 18:58:32,118 [98] INFO  blog.Services.Impl.UserServiceImpl [(null)] - 用户 Cookie 密码验证正确
2020-03-08 19:03:36,453 [119] INFO  blog.Controllers.UserController [(null)] - username=Cookie,password=123http://localhost:4200/register
2020-03-08 19:03:38,386 [125] INFO  blog.Controllers.UserController [(null)] - username=Cookie,password=123
2020-03-08 19:03:38,393 [125] INFO  blog.Services.Impl.UserServiceImpl [(null)] - 用户 Cookie 密码验证正确
2020-03-08 19:04:15,288 [124] INFO  blog.Controllers.UserController [(null)] - username=Cookie,password=123
2020-03-08 19:04:15,297 [124] INFO  blog.Services.Impl.UserServiceImpl [(null)] - 用户 Cookie 密码验证正确
2020-03-08 19:04:52,985 [132] INFO  blog.Controllers.UserController [(null)] - username=Cookie,password=123
2020-03-08 19:04:52,995 [132] INFO  blog.Services.Impl.UserServiceImpl [(null)] - 用户 Cookie 密码验证正确
2020-03-08 19:06:50,533 [156] INFO  blog.Controllers.UserController [(null)] - username=Cookie,password=123
2020-03-08 19:06:50,541 [156] INFO  blog.Services.Impl.UserServiceImpl [(null)] - 用户 Cookie 密码验证正确
2020-03-08 19:13:20,127 [155] INFO  blog.Controllers.UserController [(null)] - username=Cookie,password=123
2020-03-08 19:13:20,135 [155] INFO  blog.Services.Impl.UserServiceImpl [(null)] - 用户 Cookie 密码验证正确
2020-03-08 19:13:52,893 [181] INFO  blog.Controllers.UserController [(null)] - username=Cookie,password=123
2020-03-08 19:13:52,901 [181] INFO  blog.Services.Impl.UserServiceImpl [(null)] - 用户 Cookie 密码验证正确
2020-03-08 19:15:53,609 [170] INFO  blog.Controllers.UserController [(null)] - username=Cookie,password=123
2020-03-08 19:15:53,616 [170] INFO  blog.Services.Impl.UserServiceImpl [(null)] - 用户 Cookie 密码验证正确
2020-03-08 19:17:41,388 [170] INFO  blog.Controllers.UserController [(null)] - username=Cookie,password=123
2020-03-08 19:17:41,398 [170] INFO  blog.Services.Impl.UserServiceImpl [(null)] - 用户 Cookie 密码验证正确
2020-03-08 19:18:20,224 [167] INFO  blog.Controllers.UserController [(null)] - username=Cookie,password=123
2020-03-08 19:18:20,232 [167] INFO  blog.Services.Impl.UserServiceImpl [(null)] - 用户 Cookie 密码验证正确
2020-03-08 19:24:40,916 [132] INFO  blog.Controllers.UserController [(null)] - username=Cookie,password=123
2020-03-08 19:24:40,925 [132] INFO  blog.Services.Impl.UserServiceImpl [(null)] - 用户 Cookie 密码验证正确
2020-03-08 19:25:09,269 [170] INFO  blog.Controllers.UserController [(null)] - username=Cookie,password=123
2020-03-08 19:25:09,275 [170] INFO  blog.Services.Impl.UserServiceImpl [(null)] - 用户 Cookie 密码验证正确
2020-03-08 19:27:58,281 [170] INFO  blog.Controllers.UserController [(null)] - username=Cookie,password=123
2020-03-08 19:27:58,289 [170] INFO  blog.Services.Impl.UserServiceImpl [(null)] - 用户 Cookie 密码验证正确
2020-03-08 19:33:28,692 [102] INFO  blog.Controllers.UserController [(null)] - username=Cookie,password=123
2020-03-08 19:33:28,701 [102] INFO  blog.Services.Impl.UserServiceImpl [(null)] - 用户 Cookie 密码验证正确
2020-03-08 19:37:29,249 [170] INFO  blog.Controllers.UserController [(null)] - username=Cookie,password=123
2020-03-08 19:37:29,257 [170] INFO  blog.Services.Impl.UserServiceImpl [(null)] - 用户 Cookie 密码验证正确
2020-03-08 19:41:51,236 [9] INFO  blog.Controllers.UserController [(null)] - username=Cookie,password=123
2020-03-08 19:41:51,344 [9] INFO  blog.Services.Impl.UserServiceImpl [(null)] - 用户 Cookie 密码验证正确
2020-03-08 19:57:58,309 [6] INFO  blog.Controllers.UserController [(null)] - username=Cookie,password=123
2020-03-08 19:57:58,384 [6] INFO  blog.Services.Impl.UserServiceImpl [(null)] - 用户 Cookie 密码验证正确
2020-03-08 19:58:00,286 [11] INFO  blog.Controllers.UserController [(null)] - username=Cookie,password=123
2020-03-08 19:58:00,296 [11] INFO  blog.Services.Impl.UserServiceImpl [(null)] - 用户 Cookie 密码验证正确
2020-03-08 19:58:22,464 [6] INFO  blog.Controllers.UserController [(null)] - username=Cookie,password=123
2020-03-08 19:58:22,476 [6] INFO  blog.Services.Impl.UserServiceImpl [(null)] - 用户 Cookie 密码验证正确
2020-03-08 20:07:52,483 [83] INFO  blog.Controllers.UserController [(null)] - username=Cookie,password=123
2020-03-08 20:07:52,490 [83] INFO  blog.Services.Impl.UserServiceImpl [(null)] - 用户 Cookie 密码验证正确
2020-03-08 20:07:55,366 [85] INFO  blog.Controllers.UserController [(null)] - username=Cookie,password=123
2020-03-08 20:07:55,375 [85] INFO  blog.Services.Impl.UserServiceImpl [(null)] - 用户 Cookie 密码验证正确
2020-03-08 20:07:59,953 [86] INFO  blog.Controllers.UserController [(null)] - username=Cookie,password=123
2020-03-08 20:07:59,962 [86] INFO  blog.Services.Impl.UserServiceImpl [(null)] - 用户 Cookie 密码验证正确
2020-03-08 20:09:40,776 [39] INFO  blog.Controllers.UserController [(null)] - username=Cookie,password=123
2020-03-08 20:09:40,785 [39] INFO  blog.Services.Impl.UserServiceImpl [(null)] - 用户 Cookie 密码验证正确
2020-03-08 20:10:55,890 [39] INFO  blog.Controllers.UserController [(null)] - username=Cookie,password=123
2020-03-08 20:10:55,898 [39] INFO  blog.Services.Impl.UserServiceImpl [(null)] - 用户 Cookie 密码验证正确
2020-03-08 20:11:13,068 [62] INFO  blog.Controllers.UserController [(null)] - username=Cookie,password=123
2020-03-08 20:11:13,079 [62] INFO  blog.Services.Impl.UserServiceImpl [(null)] - 用户 Cookie 密码验证正确
2020-03-08 20:11:26,420 [39] INFO  blog.Controllers.UserController [(null)] - username=Cookie,password=123
2020-03-08 20:11:31,128 [42] INFO  blog.Controllers.UserController [(null)] - username=Cookie2131,password=123
2020-03-08 20:11:34,837 [90] INFO  blog.Controllers.UserController [(null)] - username=Cookie2131,password=123
2020-03-08 20:11:34,846 [90] INFO  blog.Services.Impl.UserServiceImpl [(null)] - 用户 Cookie2131 密码验证正确
2020-03-08 20:13:08,570 [34] INFO  blog.Controllers.UserController [(null)] - username=Cookie2131,password=123
2020-03-08 20:13:08,579 [34] INFO  blog.Services.Impl.UserServiceImpl [(null)] - 用户 Cookie2131 密码验证正确
2020-03-08 20:13:35,993 [59] INFO  blog.Controllers.UserController [(null)] - username=Cookie2131,password=123
2020-03-08 20:13:36,004 [59] INFO  blog.Services.Impl.UserServiceImpl [(null)] - 用户 Cookie2131 密码验证正确
2020-03-08 20:14:20,304 [39] INFO  blog.Controllers.UserController [(null)] - username=Cookie,password=1231
2020-03-08 20:14:22,886 [39] INFO  blog.Controllers.UserController [(null)] - username=Cookie,password=123
2020-03-08 20:14:22,893 [39] INFO  blog.Services.Impl.UserServiceImpl [(null)] - 用户 Cookie 密码验证正确
2020-03-08 20:19:16,128 [7] INFO  blog.Controllers.UserController [(null)] - username=Cookie,password=123
2020-03-08 20:19:16,196 [7] INFO  blog.Services.Impl.UserServiceImpl [(null)] - 用户 Cookie 密码验证正确
2020-03-08 20:19:23,851 [10] INFO  blog.Controllers.ManagementController [(null)] - 添加的分类为C#
2020-03-08 20:19:34,479 [10] INFO  blog.Controllers.UserController [(null)] - username=Cookiee,password=123
2020-03-08 20:19:52,239 [10] INFO  blog.Controllers.UserController [(null)] - username=1,password=1
2020-03-08 20:19:57,071 [7] INFO  blog.Controllers.UserController [(null)] - username=1,password=1
2020-03-08 20:19:57,078 [7] INFO  blog.Services.Impl.UserServiceImpl [(null)] - 用户 1 密码验证正确
2020-03-08 20:23:15,313 [9] INFO  blog.Controllers.UserController [(null)] - username=1,password=1
2020-03-08 20:23:15,367 [9] INFO  blog.Services.Impl.UserServiceImpl [(null)] - 用户 1 密码验证正确
2020-03-08 20:23:35,327 [17] INFO  blog.Controllers.UserController [(null)] - username=Cookie,password=123
2020-03-08 20:23:35,336 [17] INFO  blog.Services.Impl.UserServiceImpl [(null)] - 用户 Cookie 密码验证正确
2020-03-08 20:25:16,904 [12] INFO  blog.Controllers.UserController [(null)] - username=Cookie,password=123
2020-03-08 20:25:16,912 [12] INFO  blog.Services.Impl.UserServiceImpl [(null)] - 用户 Cookie 密码验证正确
2020-03-08 20:25:26,185 [16] INFO  blog.Controllers.UserController [(null)] - username=1,password=1
2020-03-08 20:25:26,196 [16] INFO  blog.Services.Impl.UserServiceImpl [(null)] - 用户 1 密码验证正确
2020-03-08 20:25:35,118 [13] INFO  blog.Controllers.UserController [(null)] - username=Cookie,password=123
2020-03-08 20:25:35,126 [13] INFO  blog.Services.Impl.UserServiceImpl [(null)] - 用户 Cookie 密码验证正确
2020-03-08 20:30:38,473 [9] INFO  blog.Controllers.UserController [(null)] - username=Cookie,password=123
2020-03-08 20:30:38,957 [9] INFO  blog.Services.Impl.UserServiceImpl [(null)] - 用户 Cookie 密码验证正确
2020-03-08 20:30:53,302 [7] INFO  blog.Controllers.UserController [(null)] - username=Cookie,password=123
2020-03-08 20:30:53,310 [7] INFO  blog.Services.Impl.UserServiceImpl [(null)] - 用户 Cookie 密码验证正确
